2022-10-24T14:42:40+00:00 CRITICAL syntax error, unexpected ''Tan Binh'' (T_CONSTANT_ENCAPSED_STRING), expecting identifier (T_STRING) or variable (T_VARIABLE) or '{' or '$' in /home/vol17_2/epizy.com/epiz_32829005/htdocs/wp-content/themes/twentytwenty/functions.php on line 949

2022-10-24T14:43:04+00:00 CRITICAL syntax error, unexpected ''TanBinh'' (T_CONSTANT_ENCAPSED_STRING), expecting identifier (T_STRING) or variable (T_VARIABLE) or '{' or '$' in /home/vol17_2/epizy.com/epiz_32829005/htdocs/wp-content/themes/twentytwenty/functions.php on line 949

2022-10-24T15:34:14+00:00 CRITICAL Uncaught Error: Call to undefined function flatsome_option() in /home/vol17_2/epizy.com/epiz_32829005/htdocs/wp-content/plugins/woocommerce/templates/checkout/form-checkout.php:51
Stack trace:
#0 /home/vol17_2/epizy.com/epiz_32829005/htdocs/wp-content/plugins/woocommerce/includes/wc-core-functions.php(345): include()
#1 /home/vol17_2/epizy.com/epiz_32829005/htdocs/wp-content/plugins/woocommerce/includes/shortcodes/class-wc-shortcode-checkout.php(313): wc_get_template('checkout/form-c...', Array)
#2 /home/vol17_2/epizy.com/epiz_32829005/htdocs/wp-content/plugins/woocommerce/includes/shortcodes/class-wc-shortcode-checkout.php(67): WC_Shortcode_Checkout::checkout()
#3 /home/vol17_2/epizy.com/epiz_32829005/htdocs/wp-content/plugins/woocommerce/includes/class-wc-shortcodes.php(72): WC_Shortcode_Checkout::output('')
#4 /home/vol17_2/epizy.com/epiz_32829005/htdocs/wp-content/plugins/woocommerce/includes/class-wc-shortcodes.php(95): WC_Shortcodes::shortcode_wrapper(Array, '')
#5 /home/vol17_2/epizy.com/epiz_32829005/ in /home/vol17_2/epizy.com/epiz_32829005/htdocs/wp-content/plugins/woocommerce/templates/checkout/form-checkout.php on line 51

2022-10-24T15:35:03+00:00 CRITICAL Uncaught Error: Call to undefined function flatsome_sticky_column_open() in /home/vol17_2/epizy.com/epiz_32829005/htdocs/wp-content/plugins/woocommerce/templates/checkout/form-checkout.php:57
Stack trace:
#0 /home/vol17_2/epizy.com/epiz_32829005/htdocs/wp-content/plugins/woocommerce/includes/wc-core-functions.php(345): include()
#1 /home/vol17_2/epizy.com/epiz_32829005/htdocs/wp-content/plugins/woocommerce/includes/shortcodes/class-wc-shortcode-checkout.php(313): wc_get_template('checkout/form-c...', Array)
#2 /home/vol17_2/epizy.com/epiz_32829005/htdocs/wp-content/plugins/woocommerce/includes/shortcodes/class-wc-shortcode-checkout.php(67): WC_Shortcode_Checkout::checkout()
#3 /home/vol17_2/epizy.com/epiz_32829005/htdocs/wp-content/plugins/woocommerce/includes/class-wc-shortcodes.php(72): WC_Shortcode_Checkout::output('')
#4 /home/vol17_2/epizy.com/epiz_32829005/htdocs/wp-content/plugins/woocommerce/includes/class-wc-shortcodes.php(95): WC_Shortcodes::shortcode_wrapper(Array, '')
#5 /home/vol17_2/epizy.com/ep in /home/vol17_2/epizy.com/epiz_32829005/htdocs/wp-content/plugins/woocommerce/templates/checkout/form-checkout.php on line 57

2022-10-24T15:36:04+00:00 CRITICAL Uncaught Error: Call to undefined function flatsome_option() in /home/vol17_2/epizy.com/epiz_32829005/htdocs/wp-content/plugins/woocommerce/templates/checkout/form-checkout.php:31
Stack trace:
#0 /home/vol17_2/epizy.com/epiz_32829005/htdocs/wp-content/plugins/woocommerce/includes/wc-core-functions.php(345): include()
#1 /home/vol17_2/epizy.com/epiz_32829005/htdocs/wp-content/plugins/woocommerce/includes/shortcodes/class-wc-shortcode-checkout.php(313): wc_get_template('checkout/form-c...', Array)
#2 /home/vol17_2/epizy.com/epiz_32829005/htdocs/wp-content/plugins/woocommerce/includes/shortcodes/class-wc-shortcode-checkout.php(67): WC_Shortcode_Checkout::checkout()
#3 /home/vol17_2/epizy.com/epiz_32829005/htdocs/wp-content/plugins/woocommerce/includes/class-wc-shortcodes.php(72): WC_Shortcode_Checkout::output('')
#4 /home/vol17_2/epizy.com/epiz_32829005/htdocs/wp-content/plugins/woocommerce/includes/class-wc-shortcodes.php(95): WC_Shortcodes::shortcode_wrapper(Array, '')
#5 /home/vol17_2/epizy.com/epiz_32829005/ in /home/vol17_2/epizy.com/epiz_32829005/htdocs/wp-content/plugins/woocommerce/templates/checkout/form-checkout.php on line 31

2022-10-24T15:37:05+00:00 CRITICAL Uncaught Error: Call to undefined function flatsome_option() in /home/vol17_2/epizy.com/epiz_32829005/htdocs/wp-content/plugins/woocommerce/templates/checkout/form-checkout.php:31
Stack trace:
#0 /home/vol17_2/epizy.com/epiz_32829005/htdocs/wp-content/plugins/woocommerce/includes/wc-core-functions.php(345): include()
#1 /home/vol17_2/epizy.com/epiz_32829005/htdocs/wp-content/plugins/woocommerce/includes/shortcodes/class-wc-shortcode-checkout.php(313): wc_get_template('checkout/form-c...', Array)
#2 /home/vol17_2/epizy.com/epiz_32829005/htdocs/wp-content/plugins/woocommerce/includes/shortcodes/class-wc-shortcode-checkout.php(67): WC_Shortcode_Checkout::checkout()
#3 /home/vol17_2/epizy.com/epiz_32829005/htdocs/wp-content/plugins/woocommerce/includes/class-wc-shortcodes.php(72): WC_Shortcode_Checkout::output('')
#4 /home/vol17_2/epizy.com/epiz_32829005/htdocs/wp-content/plugins/woocommerce/includes/class-wc-shortcodes.php(95): WC_Shortcodes::shortcode_wrapper(Array, '')
#5 /home/vol17_2/epizy.com/epiz_32829005/ in /home/vol17_2/epizy.com/epiz_32829005/htdocs/wp-content/plugins/woocommerce/templates/checkout/form-checkout.php on line 31

2022-10-24T15:37:11+00:00 CRITICAL Uncaught Error: Call to undefined function flatsome_option() in /home/vol17_2/epizy.com/epiz_32829005/htdocs/wp-content/plugins/woocommerce/templates/checkout/form-checkout.php:31
Stack trace:
#0 /home/vol17_2/epizy.com/epiz_32829005/htdocs/wp-content/plugins/woocommerce/includes/wc-core-functions.php(345): include()
#1 /home/vol17_2/epizy.com/epiz_32829005/htdocs/wp-content/plugins/woocommerce/includes/shortcodes/class-wc-shortcode-checkout.php(313): wc_get_template('checkout/form-c...', Array)
#2 /home/vol17_2/epizy.com/epiz_32829005/htdocs/wp-content/plugins/woocommerce/includes/shortcodes/class-wc-shortcode-checkout.php(67): WC_Shortcode_Checkout::checkout()
#3 /home/vol17_2/epizy.com/epiz_32829005/htdocs/wp-content/plugins/woocommerce/includes/class-wc-shortcodes.php(72): WC_Shortcode_Checkout::output('')
#4 /home/vol17_2/epizy.com/epiz_32829005/htdocs/wp-content/plugins/woocommerce/includes/class-wc-shortcodes.php(95): WC_Shortcodes::shortcode_wrapper(Array, '')
#5 /home/vol17_2/epizy.com/epiz_32829005/ in /home/vol17_2/epizy.com/epiz_32829005/htdocs/wp-content/plugins/woocommerce/templates/checkout/form-checkout.php on line 31

